13:55:50,039 DEBUG [main] main.MainClass:runTraining:16 - Началось обучение
13:56:05,622 DEBUG [main] initialization.annealing.InitWeightAnnealing:initWeight:88 - 0.25569442628150385
0.30852209516694595
0.3219296783300132
0.31665035022440086
0.3216632983377954
0.31665035022440086
0.23554671248797085
0.2908411900682342
0.049432098348833345
0.30852209516694595
0.25569442628150385
0.2753841920726181
0.05772709527226198
0.3229376456153027
0.30852209516694595
0.23554671248797085
0.25569442628150385
0.1761166061901366
0.31665035022440086
0.29928837418701243
0.1761166061901366
0.32567655767669856
0.05772709527226198
0.1761166061901366
0.31665035022440086
0.29928837418701243
0.29928837418701243
0.1761166061901366
0.32491518558409455
0.1761166061901366
0.05772709527226198
0.3229376456153027
0.29928837418701243
0.3216632983377954
0.1761166061901366
0.23554671248797085
0.23554671248797085
0.2753841920726181
0.3219296783300132
0.05772709527226198

13:56:10,478 DEBUG [main] main.MainClass:runTesting:23 - Началось тестирование
13:56:52,934 DEBUG [main] main.MainClass:runTraining:16 - Началось обучение
13:56:58,476 DEBUG [main] main.MainClass:runTesting:23 - Началось тестирование
13:57:13,957 DEBUG [main] main.MainClass:runTraining:16 - Началось обучение
13:57:15,867 DEBUG [main] initialization.genetic.InitWeightGenetic:initPopulation:44 - -0.6623578553140198
0.4427254017192154
1.8812202395921747
-0.8363274728008411
2.3587119721209557
1.6561091917769204
-1.4117561524314093
0.7294960845953519
0.7599239652009434
0.5360222764677045
0.32203584346086805
0.0490379988851678
-1.000377949432975
2.4953255762836095
0.6086515084988228
-0.5403927179886473
0.8305857525645938
0.01594946504941146
-0.7410056220440011
-0.36464423168741805
1.4243976852012812
0.22693175078413616
-0.3591142614559995
-0.9269703872435
-0.07704864794826231
-2.292381768470351
-0.12531293530391135
1.920720071460664
-0.0194031672584634
1.9132245708014681
-1.104152203987314
-0.43996255404539836
-1.8086018941222561
0.261350175182433
-2.0173094135694685
-0.07346160926722325
-0.770588493766876
-1.1424852099444398
2.331573363678824
-0.8310581775258014

13:57:22,091 DEBUG [main] initialization.genetic.InitWeightGenetic:initWeight:148 - 0.884147187161676
0.08284556024684507
0.5662091033640267
0.7376712074130252
0.14944216291253104
0.48796232371230897
0.92716784899977
0.30229111932880465
0.4713485440705063
0.33856123019909085
0.6851305818039415
0.4934038038269979
0.5354326283391968
0.7854905913122502
0.4710695386110779
0.5895550736227638
0.37331691788464205
0.45528448880671396
0.8857019851968445
0.7060540893981441
0.2229698551323905
0.5118934962856341
0.466176253574026
0.2590092288054365
0.7618232173528979
0.5539453814352454
0.6395917994688711
0.8100761869416735
0.12416418466641521
0.18310692073950363
0.07460413006642358
-0.618466462140477
0.47016509385066463
0.3295225131005219
0.5736250929353285
0.21069305571305127
0.8689141131758352
0.3078512011164039
0.6798229125970159
0.1207727451024147

13:57:26,853 DEBUG [main] main.MainClass:runTesting:23 - Началось тестирование
